<?xml version="1.0" encoding="UTF-8"?>
<!-- Generated by org.testng.reporters.JUnitReportReporter -->
<testsuite skipped="0" hostname="DESKTOP-0C6QHMM" name="FirstPackage.Home_Page" tests="1" failures="0" timestamp="2022-03-13T20:56:46 IST" time="0.016" errors="0">
  <testcase name="TC1" time="0.016" classname="FirstPackage.Home_Page"/>
  <system-out/>
</testsuite> <!-- FirstPackage.Home_Page -->
