<?xml version="1.0" encoding="UTF-8"?>
<!-- Generated by org.testng.reporters.JUnitReportReporter -->
<testsuite skipped="0" hostname="DESKTOP-0C6QHMM" name="com.test.com.test.testingclasses.NewTest" tests="1" failures="0" timestamp="2022-03-13T08:41:12 IST" time="0.015" errors="0">
  <testcase name="f" time="0.015" classname="com.test.com.test.testingclasses.NewTest"/>
  <system-out/>
</testsuite> <!-- com.test.com.test.testingclasses.NewTest -->
