<?xml version="1.0" encoding="UTF-8"?>
<!-- Generated by org.testng.reporters.JUnitReportReporter -->
<testsuite skipped="0" hostname="DESKTOP-0C6QHMM" name="FirstPackage.TestNGExamplePractice" tests="4" failures="0" timestamp="2022-03-14T12:11:09 IST" time="0.000" errors="0">
  <testcase name="TC1" time="0.000" classname="FirstPackage.TestNGExamplePractice"/>
  <system-out/>
  <testcase name="TC2" time="0.000" classname="FirstPackage.TestNGExamplePractice"/>
  <system-out/>
  <testcase name="TC3" time="0.000" classname="FirstPackage.TestNGExamplePractice"/>
  <system-out/>
  <testcase name="TC4" time="0.000" classname="FirstPackage.TestNGExamplePractice"/>
  <system-out/>
</testsuite> <!-- FirstPackage.TestNGExamplePractice -->
